Analysis & Synthesis report for Top
Wed Jul 06 15:25:13 2016
Quartus II 64-Bit Version 13.0.1 Build 232 06/12/2013 Service Pack 1 SJ Web Edition


---------------------
; Table of Contents ;
---------------------
  1. Legal Notice
  2. Analysis & Synthesis Summary
  3. Analysis & Synthesis Settings
  4. Parallel Compilation
  5. Analysis & Synthesis Source Files Read
  6. Analysis & Synthesis Resource Usage Summary
  7. Analysis & Synthesis Resource Utilization by Entity
  8. Analysis & Synthesis RAM Summary
  9. Analysis & Synthesis IP Cores Summary
 10. User-Specified and Inferred Latches
 11. Registers Removed During Synthesis
 12. General Register Statistics
 13. Inverted Register Statistics
 14. Multiplexer Restructuring Statistics (Restructuring Performed)
 15. Source assignments for rom:rom|altsyncram:altsyncram_component|altsyncram_ar61:auto_generated
 16. Parameter Settings for User Entity Instance: rom:rom|altsyncram:altsyncram_component
 17. altsyncram Parameter Settings by Entity Instance
 18. Port Connectivity Checks: "somador:somador1"
 19. Elapsed Time Per Partition
 20. Analysis & Synthesis Messages
 21. Analysis & Synthesis Suppressed Messages



----------------
; Legal Notice ;
----------------
Copyright (C) 1991-2013 Altera Corporation
Your use of Altera Corporation's design tools, logic functions 
and other software and tools, and its AMPP partner logic 
functions, and any output files from any of the foregoing 
(including device programming or simulation files), and any 
associated documentation or information are expressly subject 
to the terms and conditions of the Altera Program License 
Subscription Agreement, Altera MegaCore Function License 
Agreement, or other applicable license agreement, including, 
without limitation, that your use is for the sole purpose of 
programming logic devices manufactured by Altera and sold by 
Altera or its authorized distributors.  Please refer to the 
applicable agreement for further details.



+--------------------------------------------------------------------------------------+
; Analysis & Synthesis Summary                                                         ;
+------------------------------------+-------------------------------------------------+
; Analysis & Synthesis Status        ; Successful - Wed Jul 06 15:25:13 2016           ;
; Quartus II 64-Bit Version          ; 13.0.1 Build 232 06/12/2013 SP 1 SJ Web Edition ;
; Revision Name                      ; Top                                             ;
; Top-level Entity Name              ; processador                                     ;
; Family                             ; Cyclone II                                      ;
; Total logic elements               ; 369                                             ;
;     Total combinational functions  ; 305                                             ;
;     Dedicated logic registers      ; 173                                             ;
; Total registers                    ; 173                                             ;
; Total pins                         ; 156                                             ;
; Total virtual pins                 ; 0                                               ;
; Total memory bits                  ; 4,096                                           ;
; Embedded Multiplier 9-bit elements ; 0                                               ;
; Total PLLs                         ; 0                                               ;
+------------------------------------+-------------------------------------------------+


+----------------------------------------------------------------------------------------------------------------------+
; Analysis & Synthesis Settings                                                                                        ;
+----------------------------------------------------------------------------+--------------------+--------------------+
; Option                                                                     ; Setting            ; Default Value      ;
+----------------------------------------------------------------------------+--------------------+--------------------+
; Device                                                                     ; EP2C70F896C6       ;                    ;
; Top-level entity name                                                      ; processador        ; Top                ;
; Family name                                                                ; Cyclone II         ; Cyclone IV GX      ;
; Use smart compilation                                                      ; Off                ; Off                ;
; Enable parallel Assembler and TimeQuest Timing Analyzer during compilation ; On                 ; On                 ;
; Enable compact report table                                                ; Off                ; Off                ;
; Restructure Multiplexers                                                   ; Auto               ; Auto               ;
; Create Debugging Nodes for IP Cores                                        ; Off                ; Off                ;
; Preserve fewer node names                                                  ; On                 ; On                 ;
; Disable OpenCore Plus hardware evaluation                                  ; Off                ; Off                ;
; Verilog Version                                                            ; Verilog_2001       ; Verilog_2001       ;
; VHDL Version                                                               ; VHDL_1993          ; VHDL_1993          ;
; State Machine Processing                                                   ; Auto               ; Auto               ;
; Safe State Machine                                                         ; Off                ; Off                ;
; Extract Verilog State Machines                                             ; On                 ; On                 ;
; Extract VHDL State Machines                                                ; On                 ; On                 ;
; Ignore Verilog initial constructs                                          ; Off                ; Off                ;
; Iteration limit for constant Verilog loops                                 ; 5000               ; 5000               ;
; Iteration limit for non-constant Verilog loops                             ; 250                ; 250                ;
; Add Pass-Through Logic to Inferred RAMs                                    ; On                 ; On                 ;
; Infer RAMs from Raw Logic                                                  ; On                 ; On                 ;
; Parallel Synthesis                                                         ; On                 ; On                 ;
; DSP Block Balancing                                                        ; Auto               ; Auto               ;
; NOT Gate Push-Back                                                         ; On                 ; On                 ;
; Power-Up Don't Care                                                        ; On                 ; On                 ;
; Remove Redundant Logic Cells                                               ; Off                ; Off                ;
; Remove Duplicate Registers                                                 ; On                 ; On                 ;
; Ignore CARRY Buffers                                                       ; Off                ; Off                ;
; Ignore CASCADE Buffers                                                     ; Off                ; Off                ;
; Ignore GLOBAL Buffers                                                      ; Off                ; Off                ;
; Ignore ROW GLOBAL Buffers                                                  ; Off                ; Off                ;
; Ignore LCELL Buffers                                                       ; Off                ; Off                ;
; Ignore SOFT Buffers                                                        ; On                 ; On                 ;
; Limit AHDL Integers to 32 Bits                                             ; Off                ; Off                ;
; Optimization Technique                                                     ; Balanced           ; Balanced           ;
; Carry Chain Length                                                         ; 70                 ; 70                 ;
; Auto Carry Chains                                                          ; On                 ; On                 ;
; Auto Open-Drain Pins                                                       ; On                 ; On                 ;
; Perform WYSIWYG Primitive Resynthesis                                      ; Off                ; Off                ;
; Auto ROM Replacement                                                       ; On                 ; On                 ;
; Auto RAM Replacement                                                       ; On                 ; On                 ;
; Auto Shift Register Replacement                                            ; Auto               ; Auto               ;
; Allow Shift Register Merging across Hierarchies                            ; Auto               ; Auto               ;
; Auto Clock Enable Replacement                                              ; On                 ; On                 ;
; Strict RAM Replacement                                                     ; Off                ; Off                ;
; Allow Synchronous Control Signals                                          ; On                 ; On                 ;
; Force Use of Synchronous Clear Signals                                     ; Off                ; Off                ;
; Auto RAM to Logic Cell Conversion                                          ; Off                ; Off                ;
; Auto Resource Sharing                                                      ; Off                ; Off                ;
; Allow Any RAM Size For Recognition                                         ; Off                ; Off                ;
; Allow Any ROM Size For Recognition                                         ; Off                ; Off                ;
; Allow Any Shift Register Size For Recognition                              ; Off                ; Off                ;
; Use LogicLock Constraints during Resource Balancing                        ; On                 ; On                 ;
; Ignore translate_off and synthesis_off directives                          ; Off                ; Off                ;
; Timing-Driven Synthesis                                                    ; Off                ; Off                ;
; Report Parameter Settings                                                  ; On                 ; On                 ;
; Report Source Assignments                                                  ; On                 ; On                 ;
; Report Connectivity Checks                                                 ; On                 ; On                 ;
; Ignore Maximum Fan-Out Assignments                                         ; Off                ; Off                ;
; Synchronization Register Chain Length                                      ; 2                  ; 2                  ;
; PowerPlay Power Optimization                                               ; Normal compilation ; Normal compilation ;
; HDL message level                                                          ; Level2             ; Level2             ;
; Suppress Register Optimization Related Messages                            ; Off                ; Off                ;
; Number of Removed Registers Reported in Synthesis Report                   ; 5000               ; 5000               ;
; Number of Swept Nodes Reported in Synthesis Report                         ; 5000               ; 5000               ;
; Number of Inverted Registers Reported in Synthesis Report                  ; 100                ; 100                ;
; Clock MUX Protection                                                       ; On                 ; On                 ;
; Auto Gated Clock Conversion                                                ; Off                ; Off                ;
; Block Design Naming                                                        ; Auto               ; Auto               ;
; SDC constraint protection                                                  ; Off                ; Off                ;
; Synthesis Effort                                                           ; Auto               ; Auto               ;
; Shift Register Replacement - Allow Asynchronous Clear Signal               ; On                 ; On                 ;
; Pre-Mapping Resynthesis Optimization                                       ; Off                ; Off                ;
; Analysis & Synthesis Message Level                                         ; Medium             ; Medium             ;
; Disable Register Merging Across Hierarchies                                ; Auto               ; Auto               ;
; Resource Aware Inference For Block RAM                                     ; On                 ; On                 ;
; Synthesis Seed                                                             ; 1                  ; 1                  ;
+----------------------------------------------------------------------------+--------------------+--------------------+


Parallel compilation was disabled, but you have multiple processors available. Enable parallel compilation to reduce compilation time.
+-------------------------------------+
; Parallel Compilation                ;
+----------------------------+--------+
; Processors                 ; Number ;
+----------------------------+--------+
; Number detected on machine ; 8      ;
; Maximum allowed            ; 1      ;
+----------------------------+--------+


+---------------------------------------------------------------------------------------------------------------------------------------------------------------------------+
; Analysis & Synthesis Source Files Read                                                                                                                                    ;
+----------------------------------+-----------------+----------------------------------+-------------------------------------------------------------------------+---------+
; File Name with User-Entered Path ; Used in Netlist ; File Type                        ; File Name with Absolute Path                                            ; Library ;
+----------------------------------+-----------------+----------------------------------+-------------------------------------------------------------------------+---------+
; procesador.v                     ; yes             ; User Verilog HDL File            ; C:/Users/Pc/Desktop/Projeto Nano/procesador.v                           ;         ;
; rom.v                            ; yes             ; User Wizard-Generated File       ; C:/Users/Pc/Desktop/Projeto Nano/rom.v                                  ;         ;
; muxes.v                          ; yes             ; User Verilog HDL File            ; C:/Users/Pc/Desktop/Projeto Nano/muxes.v                                ;         ;
; ctrl.v                           ; yes             ; User Verilog HDL File            ; C:/Users/Pc/Desktop/Projeto Nano/ctrl.v                                 ;         ;
; ula.v                            ; yes             ; User Verilog HDL File            ; C:/Users/Pc/Desktop/Projeto Nano/ula.v                                  ;         ;
; bancoRegistradores.v             ; yes             ; User Verilog HDL File            ; C:/Users/Pc/Desktop/Projeto Nano/bancoRegistradores.v                   ;         ;
; registrador.v                    ; yes             ; User Verilog HDL File            ; C:/Users/Pc/Desktop/Projeto Nano/registrador.v                          ;         ;
; lrg.mif                          ; yes             ; User Memory Initialization File  ; C:/Users/Pc/Desktop/Projeto Nano/lrg.mif                                ;         ;
; somador.v                        ; yes             ; User Verilog HDL File            ; C:/Users/Pc/Desktop/Projeto Nano/somador.v                              ;         ;
; EXIT.v                           ; yes             ; User Verilog HDL File            ; C:/Users/Pc/Desktop/Projeto Nano/EXIT.v                                 ;         ;
; altsyncram.tdf                   ; yes             ; Megafunction                     ; c:/altera/13.0sp1/quartus/libraries/megafunctions/altsyncram.tdf        ;         ;
; stratix_ram_block.inc            ; yes             ; Megafunction                     ; c:/altera/13.0sp1/quartus/libraries/megafunctions/stratix_ram_block.inc ;         ;
; lpm_mux.inc                      ; yes             ; Megafunction                     ; c:/altera/13.0sp1/quartus/libraries/megafunctions/lpm_mux.inc           ;         ;
; lpm_decode.inc                   ; yes             ; Megafunction                     ; c:/altera/13.0sp1/quartus/libraries/megafunctions/lpm_decode.inc        ;         ;
; aglobal130.inc                   ; yes             ; Megafunction                     ; c:/altera/13.0sp1/quartus/libraries/megafunctions/aglobal130.inc        ;         ;
; a_rdenreg.inc                    ; yes             ; Megafunction                     ; c:/altera/13.0sp1/quartus/libraries/megafunctions/a_rdenreg.inc         ;         ;
; altrom.inc                       ; yes             ; Megafunction                     ; c:/altera/13.0sp1/quartus/libraries/megafunctions/altrom.inc            ;         ;
; altram.inc                       ; yes             ; Megafunction                     ; c:/altera/13.0sp1/quartus/libraries/megafunctions/altram.inc            ;         ;
; altdpram.inc                     ; yes             ; Megafunction                     ; c:/altera/13.0sp1/quartus/libraries/megafunctions/altdpram.inc          ;         ;
; db/altsyncram_ar61.tdf           ; yes             ; Auto-Generated Megafunction      ; C:/Users/Pc/Desktop/Projeto Nano/db/altsyncram_ar61.tdf                 ;         ;
+----------------------------------+-----------------+----------------------------------+-------------------------------------------------------------------------+---------+


+-----------------------------------------------------+
; Analysis & Synthesis Resource Usage Summary         ;
+---------------------------------------------+-------+
; Resource                                    ; Usage ;
+---------------------------------------------+-------+
; Estimated Total logic elements              ; 369   ;
;                                             ;       ;
; Total combinational functions               ; 305   ;
; Logic element usage by number of LUT inputs ;       ;
;     -- 4 input functions                    ; 107   ;
;     -- 3 input functions                    ; 180   ;
;     -- <=2 input functions                  ; 18    ;
;                                             ;       ;
; Logic elements by mode                      ;       ;
;     -- normal mode                          ; 283   ;
;     -- arithmetic mode                      ; 22    ;
;                                             ;       ;
; Total registers                             ; 173   ;
;     -- Dedicated logic registers            ; 173   ;
;     -- I/O registers                        ; 0     ;
;                                             ;       ;
; I/O pins                                    ; 156   ;
; Total memory bits                           ; 4096  ;
; Embedded Multiplier 9-bit elements          ; 0     ;
; Maximum fan-out node                        ; clk   ;
; Maximum fan-out                             ; 109   ;
; Total fan-out                               ; 1894  ;
; Average fan-out                             ; 2.91  ;
+---------------------------------------------+-------+


+-------------------------------------------------------------------------------------------------------------------------------------------------------------------------------------------------------------------------------------------------------------+
; Analysis & Synthesis Resource Utilization by Entity                                                                                                                                                                                                         ;
+--------------------------------------------+-------------------+--------------+-------------+--------------+---------+-----------+------+--------------+-------------------------------------------------------------------------------------+--------------+
; Compilation Hierarchy Node                 ; LC Combinationals ; LC Registers ; Memory Bits ; DSP Elements ; DSP 9x9 ; DSP 18x18 ; Pins ; Virtual Pins ; Full Hierarchy Name                                                                 ; Library Name ;
+--------------------------------------------+-------------------+--------------+-------------+--------------+---------+-----------+------+--------------+-------------------------------------------------------------------------------------+--------------+
; |processador                               ; 305 (0)           ; 173 (0)      ; 4096        ; 0            ; 0       ; 0         ; 156  ; 0            ; |processador                                                                        ; work         ;
;    |EXIT:SaidaOutPut|                      ; 8 (8)             ; 64 (64)      ; 0           ; 0            ; 0       ; 0         ; 0    ; 0            ; |processador|EXIT:SaidaOutPut                                                       ; work         ;
;    |bancoRegistradores:bancoRegistradores| ; 152 (152)         ; 80 (80)      ; 0           ; 0            ; 0       ; 0         ; 0    ; 0            ; |processador|bancoRegistradores:bancoRegistradores                                  ; work         ;
;    |ctrl:ctrl|                             ; 40 (40)           ; 13 (13)      ; 0           ; 0            ; 0       ; 0         ; 0    ; 0            ; |processador|ctrl:ctrl                                                              ; work         ;
;    |mux2x3:muxAddRegWr|                    ; 3 (3)             ; 0 (0)        ; 0           ; 0            ; 0       ; 0         ; 0    ; 0            ; |processador|mux2x3:muxAddRegWr                                                     ; work         ;
;    |mux3x8:muxDtWr|                        ; 25 (25)           ; 0 (0)        ; 0           ; 0            ; 0       ; 0         ; 0    ; 0            ; |processador|mux3x8:muxDtWr                                                         ; work         ;
;    |registrador:regOUTPUT|                 ; 0 (0)             ; 8 (8)        ; 0           ; 0            ; 0       ; 0         ; 0    ; 0            ; |processador|registrador:regOUTPUT                                                  ; work         ;
;    |registrador:regPC|                     ; 8 (8)             ; 8 (8)        ; 0           ; 0            ; 0       ; 0         ; 0    ; 0            ; |processador|registrador:regPC                                                      ; work         ;
;    |rom:rom|                               ; 0 (0)             ; 0 (0)        ; 4096        ; 0            ; 0       ; 0         ; 0    ; 0            ; |processador|rom:rom                                                                ; work         ;
;       |altsyncram:altsyncram_component|    ; 0 (0)             ; 0 (0)        ; 4096        ; 0            ; 0       ; 0         ; 0    ; 0            ; |processador|rom:rom|altsyncram:altsyncram_component                                ; work         ;
;          |altsyncram_ar61:auto_generated|  ; 0 (0)             ; 0 (0)        ; 4096        ; 0            ; 0       ; 0         ; 0    ; 0            ; |processador|rom:rom|altsyncram:altsyncram_component|altsyncram_ar61:auto_generated ; work         ;
;    |somador:somador1|                      ; 8 (8)             ; 0 (0)        ; 0           ; 0            ; 0       ; 0         ; 0    ; 0            ; |processador|somador:somador1                                                       ; work         ;
;    |somador:somador2|                      ; 8 (8)             ; 0 (0)        ; 0           ; 0            ; 0       ; 0         ; 0    ; 0            ; |processador|somador:somador2                                                       ; work         ;
;    |ula:ula|                               ; 53 (53)           ; 0 (0)        ; 0           ; 0            ; 0       ; 0         ; 0    ; 0            ; |processador|ula:ula                                                                ; work         ;
+--------------------------------------------+-------------------+--------------+-------------+--------------+---------+-----------+------+--------------+-------------------------------------------------------------------------------------+--------------+
Note: For table entries with two numbers listed, the numbers in parentheses indicate the number of resources of the given type used by the specific entity alone. The numbers listed outside of parentheses indicate the total resources of the given type used by the specific entity and all of its sub-entities in the hierarchy.


+------------------------------------------------------------------------------------------------------------------------------------------------------------------------------+
; Analysis & Synthesis RAM Summary                                                                                                                                             ;
+-----------------------------------------------------------------------------------+------+------+--------------+--------------+--------------+--------------+------+---------+
; Name                                                                              ; Type ; Mode ; Port A Depth ; Port A Width ; Port B Depth ; Port B Width ; Size ; MIF     ;
+-----------------------------------------------------------------------------------+------+------+--------------+--------------+--------------+--------------+------+---------+
; rom:rom|altsyncram:altsyncram_component|altsyncram_ar61:auto_generated|ALTSYNCRAM ; AUTO ; ROM  ; 256          ; 16           ; --           ; --           ; 4096 ; lrg.mif ;
+-----------------------------------------------------------------------------------+------+------+--------------+--------------+--------------+--------------+------+---------+


+-------------------------------------------------------------------------------------------------------------------------------+
; Analysis & Synthesis IP Cores Summary                                                                                         ;
+--------+--------------+---------+--------------+--------------+----------------------+----------------------------------------+
; Vendor ; IP Core Name ; Version ; Release Date ; License Type ; Entity Instance      ; IP Include File                        ;
+--------+--------------+---------+--------------+--------------+----------------------+----------------------------------------+
; Altera ; ROM: 1-PORT  ; N/A     ; N/A          ; N/A          ; |processador|rom:rom ; C:/Users/Pc/Desktop/Projeto Nano/rom.v ;
+--------+--------------+---------+--------------+--------------+----------------------+----------------------------------------+


+----------------------------------------------------------------------------------------------------+
; User-Specified and Inferred Latches                                                                ;
+-----------------------------------------------------+---------------------+------------------------+
; Latch Name                                          ; Latch Enable Signal ; Free of Timing Hazards ;
+-----------------------------------------------------+---------------------+------------------------+
; mux3x8:muxDtWr|out[0]                               ; mux3x8:muxDtWr|Mux8 ; yes                    ;
; mux3x8:muxDtWr|out[1]                               ; mux3x8:muxDtWr|Mux8 ; yes                    ;
; mux3x8:muxDtWr|out[2]                               ; mux3x8:muxDtWr|Mux8 ; yes                    ;
; mux3x8:muxDtWr|out[3]                               ; mux3x8:muxDtWr|Mux8 ; yes                    ;
; mux3x8:muxDtWr|out[4]                               ; mux3x8:muxDtWr|Mux8 ; yes                    ;
; mux3x8:muxDtWr|out[5]                               ; mux3x8:muxDtWr|Mux8 ; yes                    ;
; mux3x8:muxDtWr|out[6]                               ; mux3x8:muxDtWr|Mux8 ; yes                    ;
; mux3x8:muxDtWr|out[7]                               ; mux3x8:muxDtWr|Mux8 ; yes                    ;
; ula:ula|resultado[0]                                ; ula:ula|Mux8        ; yes                    ;
; ula:ula|resultado[1]                                ; ula:ula|Mux8        ; yes                    ;
; ula:ula|resultado[2]                                ; ula:ula|Mux8        ; yes                    ;
; ula:ula|resultado[3]                                ; ula:ula|Mux8        ; yes                    ;
; ula:ula|resultado[4]                                ; ula:ula|Mux8        ; yes                    ;
; ula:ula|resultado[5]                                ; ula:ula|Mux8        ; yes                    ;
; ula:ula|resultado[6]                                ; ula:ula|Mux8        ; yes                    ;
; ula:ula|resultado[7]                                ; ula:ula|Mux8        ; yes                    ;
; Number of user-specified and inferred latches = 16  ;                     ;                        ;
+-----------------------------------------------------+---------------------+------------------------+
Note: All latches listed above may not be present at the end of synthesis due to various synthesis optimizations.


+--------------------------------------------------------------------------------+
; Registers Removed During Synthesis                                             ;
+---------------------------------------+----------------------------------------+
; Register name                         ; Reason for Removal                     ;
+---------------------------------------+----------------------------------------+
; ctrl:ctrl|estado[2]                   ; Stuck at GND due to stuck port data_in ;
; Total Number of Removed Registers = 1 ;                                        ;
+---------------------------------------+----------------------------------------+


+------------------------------------------------------+
; General Register Statistics                          ;
+----------------------------------------------+-------+
; Statistic                                    ; Value ;
+----------------------------------------------+-------+
; Total registers                              ; 173   ;
; Number of registers using Synchronous Clear  ; 0     ;
; Number of registers using Synchronous Load   ; 8     ;
; Number of registers using Asynchronous Clear ; 92    ;
; Number of registers using Asynchronous Load  ; 0     ;
; Number of registers using Clock Enable       ; 149   ;
; Number of registers using Preset             ; 0     ;
+----------------------------------------------+-------+


+--------------------------------------------------+
; Inverted Register Statistics                     ;
+----------------------------------------+---------+
; Inverted Register                      ; Fan out ;
+----------------------------------------+---------+
; ctrl:ctrl|estado[0]                    ; 12      ;
; Total number of inverted registers = 1 ;         ;
+----------------------------------------+---------+


+----------------------------------------------------------------------------------------------------------------------------------------------------------------------------------+
; Multiplexer Restructuring Statistics (Restructuring Performed)                                                                                                                   ;
+--------------------+-----------+---------------+----------------------+------------------------+------------+--------------------------------------------------------------------+
; Multiplexer Inputs ; Bus Width ; Baseline Area ; Area if Restructured ; Saving if Restructured ; Registered ; Example Multiplexer Output                                         ;
+--------------------+-----------+---------------+----------------------+------------------------+------------+--------------------------------------------------------------------+
; 3:1                ; 8 bits    ; 16 LEs        ; 16 LEs               ; 0 LEs                  ; Yes        ; |processador|registrador:regPC|dadoOut[7]                          ;
; 8:1                ; 8 bits    ; 40 LEs        ; 40 LEs               ; 0 LEs                  ; Yes        ; |processador|bancoRegistradores:bancoRegistradores|dadoR2[7]       ;
; 8:1                ; 8 bits    ; 40 LEs        ; 40 LEs               ; 0 LEs                  ; Yes        ; |processador|bancoRegistradores:bancoRegistradores|dadoR1[7]       ;
; 3:1                ; 8 bits    ; 16 LEs        ; 8 LEs                ; 8 LEs                  ; Yes        ; |processador|bancoRegistradores:bancoRegistradores|registers[7][0] ;
; 3:1                ; 8 bits    ; 16 LEs        ; 8 LEs                ; 8 LEs                  ; Yes        ; |processador|bancoRegistradores:bancoRegistradores|registers[6][1] ;
; 3:1                ; 8 bits    ; 16 LEs        ; 8 LEs                ; 8 LEs                  ; Yes        ; |processador|bancoRegistradores:bancoRegistradores|registers[5][1] ;
; 3:1                ; 8 bits    ; 16 LEs        ; 8 LEs                ; 8 LEs                  ; Yes        ; |processador|bancoRegistradores:bancoRegistradores|registers[4][0] ;
; 3:1                ; 8 bits    ; 16 LEs        ; 8 LEs                ; 8 LEs                  ; Yes        ; |processador|bancoRegistradores:bancoRegistradores|registers[3][5] ;
; 3:1                ; 8 bits    ; 16 LEs        ; 8 LEs                ; 8 LEs                  ; Yes        ; |processador|bancoRegistradores:bancoRegistradores|registers[2][0] ;
; 3:1                ; 8 bits    ; 16 LEs        ; 8 LEs                ; 8 LEs                  ; Yes        ; |processador|bancoRegistradores:bancoRegistradores|registers[1][3] ;
; 3:1                ; 8 bits    ; 16 LEs        ; 8 LEs                ; 8 LEs                  ; Yes        ; |processador|bancoRegistradores:bancoRegistradores|registers[0][7] ;
; 19:1               ; 2 bits    ; 24 LEs        ; 4 LEs                ; 20 LEs                 ; Yes        ; |processador|ctrl:ctrl|selDtWr[1]                                  ;
; 19:1               ; 3 bits    ; 36 LEs        ; 18 LEs               ; 18 LEs                 ; Yes        ; |processador|ctrl:ctrl|CmdULA[1]                                   ;
; 3:1                ; 8 bits    ; 16 LEs        ; 16 LEs               ; 0 LEs                  ; No         ; |processador|mux3x8:muxDtWr|Mux6                                   ;
; 3:1                ; 8 bits    ; 16 LEs        ; 8 LEs                ; 8 LEs                  ; No         ; |processador|ula:ula|Add0                                          ;
; 3:1                ; 8 bits    ; 16 LEs        ; 16 LEs               ; 0 LEs                  ; No         ; |processador|ula:ula|Add0                                          ;
; 7:1                ; 8 bits    ; 32 LEs        ; 24 LEs               ; 8 LEs                  ; No         ; |processador|ula:ula|Mux2                                          ;
+--------------------+-----------+---------------+----------------------+------------------------+------------+--------------------------------------------------------------------+


+-----------------------------------------------------------------------------------------------+
; Source assignments for rom:rom|altsyncram:altsyncram_component|altsyncram_ar61:auto_generated ;
+---------------------------------+--------------------+------+---------------------------------+
; Assignment                      ; Value              ; From ; To                              ;
+---------------------------------+--------------------+------+---------------------------------+
; OPTIMIZE_POWER_DURING_SYNTHESIS ; NORMAL_COMPILATION ; -    ; -                               ;
+---------------------------------+--------------------+------+---------------------------------+


+--------------------------------------------------------------------------------------+
; Parameter Settings for User Entity Instance: rom:rom|altsyncram:altsyncram_component ;
+------------------------------------+----------------------+--------------------------+
; Parameter Name                     ; Value                ; Type                     ;
+------------------------------------+----------------------+--------------------------+
; BYTE_SIZE_BLOCK                    ; 8                    ; Untyped                  ;
; AUTO_CARRY_CHAINS                  ; ON                   ; AUTO_CARRY               ;
; IGNORE_CARRY_BUFFERS               ; OFF                  ; IGNORE_CARRY             ;
; AUTO_CASCADE_CHAINS                ; ON                   ; AUTO_CASCADE             ;
; IGNORE_CASCADE_BUFFERS             ; OFF                  ; IGNORE_CASCADE           ;
; WIDTH_BYTEENA                      ; 1                    ; Untyped                  ;
; OPERATION_MODE                     ; ROM                  ; Untyped                  ;
; WIDTH_A                            ; 16                   ; Signed Integer           ;
; WIDTHAD_A                          ; 8                    ; Signed Integer           ;
; NUMWORDS_A                         ; 256                  ; Signed Integer           ;
; OUTDATA_REG_A                      ; CLOCK0               ; Untyped                  ;
; ADDRESS_ACLR_A                     ; NONE                 ; Untyped                  ;
; OUTDATA_ACLR_A                     ; NONE                 ; Untyped                  ;
; WRCONTROL_ACLR_A                   ; NONE                 ; Untyped                  ;
; INDATA_ACLR_A                      ; NONE                 ; Untyped                  ;
; BYTEENA_ACLR_A                     ; NONE                 ; Untyped                  ;
; WIDTH_B                            ; 1                    ; Untyped                  ;
; WIDTHAD_B                          ; 1                    ; Untyped                  ;
; NUMWORDS_B                         ; 1                    ; Untyped                  ;
; INDATA_REG_B                       ; CLOCK1               ; Untyped                  ;
; WRCONTROL_WRADDRESS_REG_B          ; CLOCK1               ; Untyped                  ;
; RDCONTROL_REG_B                    ; CLOCK1               ; Untyped                  ;
; ADDRESS_REG_B                      ; CLOCK1               ; Untyped                  ;
; OUTDATA_REG_B                      ; UNREGISTERED         ; Untyped                  ;
; BYTEENA_REG_B                      ; CLOCK1               ; Untyped                  ;
; INDATA_ACLR_B                      ; NONE                 ; Untyped                  ;
; WRCONTROL_ACLR_B                   ; NONE                 ; Untyped                  ;
; ADDRESS_ACLR_B                     ; NONE                 ; Untyped                  ;
; OUTDATA_ACLR_B                     ; NONE                 ; Untyped                  ;
; RDCONTROL_ACLR_B                   ; NONE                 ; Untyped                  ;
; BYTEENA_ACLR_B                     ; NONE                 ; Untyped                  ;
; WIDTH_BYTEENA_A                    ; 1                    ; Signed Integer           ;
; WIDTH_BYTEENA_B                    ; 1                    ; Untyped                  ;
; RAM_BLOCK_TYPE                     ; AUTO                 ; Untyped                  ;
; BYTE_SIZE                          ; 8                    ; Untyped                  ;
; READ_DURING_WRITE_MODE_MIXED_PORTS ; DONT_CARE            ; Untyped                  ;
; READ_DURING_WRITE_MODE_PORT_A      ; NEW_DATA_NO_NBE_READ ; Untyped                  ;
; READ_DURING_WRITE_MODE_PORT_B      ; NEW_DATA_NO_NBE_READ ; Untyped                  ;
; INIT_FILE                          ; lrg.mif              ; Untyped                  ;
; INIT_FILE_LAYOUT                   ; PORT_A               ; Untyped                  ;
; MAXIMUM_DEPTH                      ; 0                    ; Untyped                  ;
; CLOCK_ENABLE_INPUT_A               ; BYPASS               ; Untyped                  ;
; CLOCK_ENABLE_INPUT_B               ; NORMAL               ; Untyped                  ;
; CLOCK_ENABLE_OUTPUT_A              ; BYPASS               ; Untyped                  ;
; CLOCK_ENABLE_OUTPUT_B              ; NORMAL               ; Untyped                  ;
; CLOCK_ENABLE_CORE_A                ; USE_INPUT_CLKEN      ; Untyped                  ;
; CLOCK_ENABLE_CORE_B                ; USE_INPUT_CLKEN      ; Untyped                  ;
; ENABLE_ECC                         ; FALSE                ; Untyped                  ;
; ECC_PIPELINE_STAGE_ENABLED         ; FALSE                ; Untyped                  ;
; WIDTH_ECCSTATUS                    ; 3                    ; Untyped                  ;
; DEVICE_FAMILY                      ; Cyclone II           ; Untyped                  ;
; CBXI_PARAMETER                     ; altsyncram_ar61      ; Untyped                  ;
+------------------------------------+----------------------+--------------------------+
Note: In order to hide this table in the UI and the text report file, please set the "Show Parameter Settings in Synthesis Report" option in "Analysis and Synthesis Settings -> More Settings" to "Off".


+-------------------------------------------------------------------------------------+
; altsyncram Parameter Settings by Entity Instance                                    ;
+-------------------------------------------+-----------------------------------------+
; Name                                      ; Value                                   ;
+-------------------------------------------+-----------------------------------------+
; Number of entity instances                ; 1                                       ;
; Entity Instance                           ; rom:rom|altsyncram:altsyncram_component ;
;     -- OPERATION_MODE                     ; ROM                                     ;
;     -- WIDTH_A                            ; 16                                      ;
;     -- NUMWORDS_A                         ; 256                                     ;
;     -- OUTDATA_REG_A                      ; CLOCK0                                  ;
;     -- WIDTH_B                            ; 1                                       ;
;     -- NUMWORDS_B                         ; 1                                       ;
;     -- ADDRESS_REG_B                      ; CLOCK1                                  ;
;     -- OUTDATA_REG_B                      ; UNREGISTERED                            ;
;     -- RAM_BLOCK_TYPE                     ; AUTO                                    ;
;     -- READ_DURING_WRITE_MODE_MIXED_PORTS ; DONT_CARE                               ;
+-------------------------------------------+-----------------------------------------+


+----------------------------------------------+
; Port Connectivity Checks: "somador:somador1" ;
+------------+-------+----------+--------------+
; Port       ; Type  ; Severity ; Details      ;
+------------+-------+----------+--------------+
; arg2[7..1] ; Input ; Info     ; Stuck at GND ;
; arg2[0]    ; Input ; Info     ; Stuck at VCC ;
+------------+-------+----------+--------------+


+-------------------------------+
; Elapsed Time Per Partition    ;
+----------------+--------------+
; Partition Name ; Elapsed Time ;
+----------------+--------------+
; Top            ; 00:00:01     ;
+----------------+--------------+


+-------------------------------+
; Analysis & Synthesis Messages ;
+-------------------------------+
Info: *******************************************************************
Info: Running Quartus II 64-Bit Analysis & Synthesis
    Info: Version 13.0.1 Build 232 06/12/2013 Service Pack 1 SJ Web Edition
    Info: Processing started: Wed Jul 06 15:25:10 2016
Info: Command: quartus_map --read_settings_files=on --write_settings_files=off Nano -c Top
Warning (20028): Parallel compilation is not licensed and has been disabled
Info (12021): Found 1 design units, including 1 entities, in source file procesador.v
    Info (12023): Found entity 1: processador
Info (12021): Found 1 design units, including 1 entities, in source file divclk.v
    Info (12023): Found entity 1: divClk
Info (12021): Found 1 design units, including 1 entities, in source file debounce.v
    Info (12023): Found entity 1: debounce
Info (12021): Found 1 design units, including 1 entities, in source file topplaca.v
    Info (12023): Found entity 1: topPlaca
Info (12021): Found 1 design units, including 1 entities, in source file rom.v
    Info (12023): Found entity 1: rom
Info (12021): Found 3 design units, including 3 entities, in source file muxes.v
    Info (12023): Found entity 1: mux2x3
    Info (12023): Found entity 2: mux2x8
    Info (12023): Found entity 3: mux3x8
Info (12021): Found 1 design units, including 1 entities, in source file ctrl.v
    Info (12023): Found entity 1: ctrl
Info (12021): Found 1 design units, including 1 entities, in source file ula.v
    Info (12023): Found entity 1: ula
Info (12021): Found 1 design units, including 1 entities, in source file bancoregistradores.v
    Info (12023): Found entity 1: bancoRegistradores
Info (12021): Found 1 design units, including 1 entities, in source file registrador.v
    Info (12023): Found entity 1: registrador
Info (12021): Found 1 design units, including 1 entities, in source file display7seg.v
    Info (12023): Found entity 1: display7seg
Info (12021): Found 1 design units, including 1 entities, in source file somador.v
    Info (12023): Found entity 1: somador
Info (12021): Found 1 design units, including 1 entities, in source file pulse.v
    Info (12023): Found entity 1: pulse
Info (12021): Found 1 design units, including 1 entities, in source file exit.v
    Info (12023): Found entity 1: EXIT
Info (12127): Elaborating entity "processador" for the top level hierarchy
Info (12128): Elaborating entity "rom" for hierarchy "rom:rom"
Info (12128): Elaborating entity "altsyncram" for hierarchy "rom:rom|altsyncram:altsyncram_component"
Info (12130): Elaborated megafunction instantiation "rom:rom|altsyncram:altsyncram_component"
Info (12133): Instantiated megafunction "rom:rom|altsyncram:altsyncram_component" with the following parameter:
    Info (12134): Parameter "clock_enable_input_a" = "BYPASS"
    Info (12134): Parameter "clock_enable_output_a" = "BYPASS"
    Info (12134): Parameter "init_file" = "lrg.mif"
    Info (12134): Parameter "intended_device_family" = "Cyclone II"
    Info (12134): Parameter "lpm_hint" = "ENABLE_RUNTIME_MOD=NO"
    Info (12134): Parameter "lpm_type" = "altsyncram"
    Info (12134): Parameter "numwords_a" = "256"
    Info (12134): Parameter "operation_mode" = "ROM"
    Info (12134): Parameter "outdata_aclr_a" = "NONE"
    Info (12134): Parameter "outdata_reg_a" = "CLOCK0"
    Info (12134): Parameter "widthad_a" = "8"
    Info (12134): Parameter "width_a" = "16"
    Info (12134): Parameter "width_byteena_a" = "1"
Info (12021): Found 1 design units, including 1 entities, in source file db/altsyncram_ar61.tdf
    Info (12023): Found entity 1: altsyncram_ar61
Info (12128): Elaborating entity "altsyncram_ar61" for hierarchy "rom:rom|altsyncram:altsyncram_component|altsyncram_ar61:auto_generated"
Info (12128): Elaborating entity "somador" for hierarchy "somador:somador1"
Info (12128): Elaborating entity "mux2x3" for hierarchy "mux2x3:muxAddRegWr"
Warning (10235): Verilog HDL Always Construct warning at muxes.v(6): variable "in1" is read inside the Always Construct but isn't in the Always Construct's Event Control
Warning (10235): Verilog HDL Always Construct warning at muxes.v(8): variable "in2" is read inside the Always Construct but isn't in the Always Construct's Event Control
Info (12128): Elaborating entity "mux2x8" for hierarchy "mux2x8:muxSelDSV"
Warning (10235): Verilog HDL Always Construct warning at muxes.v(19): variable "in1" is read inside the Always Construct but isn't in the Always Construct's Event Control
Warning (10235): Verilog HDL Always Construct warning at muxes.v(21): variable "in2" is read inside the Always Construct but isn't in the Always Construct's Event Control
Info (12128): Elaborating entity "mux3x8" for hierarchy "mux3x8:muxDtWr"
Warning (10235): Verilog HDL Always Construct warning at muxes.v(35): variable "in1" is read inside the Always Construct but isn't in the Always Construct's Event Control
Warning (10235): Verilog HDL Always Construct warning at muxes.v(36): variable "in2" is read inside the Always Construct but isn't in the Always Construct's Event Control
Warning (10235): Verilog HDL Always Construct warning at muxes.v(37): variable "in3" is read inside the Always Construct but isn't in the Always Construct's Event Control
Warning (10270): Verilog HDL Case Statement warning at muxes.v(34): incomplete case statement has no default case item
Warning (10240): Verilog HDL Always Construct warning at muxes.v(32): inferring latch(es) for variable "out", which holds its previous value in one or more paths through the always construct
Info (10041): Inferred latch for "out[0]" at muxes.v(32)
Info (10041): Inferred latch for "out[1]" at muxes.v(32)
Info (10041): Inferred latch for "out[2]" at muxes.v(32)
Info (10041): Inferred latch for "out[3]" at muxes.v(32)
Info (10041): Inferred latch for "out[4]" at muxes.v(32)
Info (10041): Inferred latch for "out[5]" at muxes.v(32)
Info (10041): Inferred latch for "out[6]" at muxes.v(32)
Info (10041): Inferred latch for "out[7]" at muxes.v(32)
Info (12128): Elaborating entity "ctrl" for hierarchy "ctrl:ctrl"
Info (12128): Elaborating entity "ula" for hierarchy "ula:ula"
Warning (10270): Verilog HDL Case Statement warning at ula.v(9): incomplete case statement has no default case item
Warning (10240): Verilog HDL Always Construct warning at ula.v(9): inferring latch(es) for variable "resultado", which holds its previous value in one or more paths through the always construct
Info (10041): Inferred latch for "resultado[0]" at ula.v(9)
Info (10041): Inferred latch for "resultado[1]" at ula.v(9)
Info (10041): Inferred latch for "resultado[2]" at ula.v(9)
Info (10041): Inferred latch for "resultado[3]" at ula.v(9)
Info (10041): Inferred latch for "resultado[4]" at ula.v(9)
Info (10041): Inferred latch for "resultado[5]" at ula.v(9)
Info (10041): Inferred latch for "resultado[6]" at ula.v(9)
Info (10041): Inferred latch for "resultado[7]" at ula.v(9)
Info (12128): Elaborating entity "bancoRegistradores" for hierarchy "bancoRegistradores:bancoRegistradores"
Info (12128): Elaborating entity "registrador" for hierarchy "registrador:regPC"
Info (12128): Elaborating entity "EXIT" for hierarchy "EXIT:SaidaOutPut"
Warning (13012): Latch mux3x8:muxDtWr|out[0] has unsafe behavior
    Warning (13013): Ports D and ENA on the latch are fed by the same signal ctrl:ctrl|selDtWr[1]
Warning (13012): Latch mux3x8:muxDtWr|out[1] has unsafe behavior
    Warning (13013): Ports D and ENA on the latch are fed by the same signal ctrl:ctrl|selDtWr[1]
Warning (13012): Latch mux3x8:muxDtWr|out[2] has unsafe behavior
    Warning (13013): Ports D and ENA on the latch are fed by the same signal ctrl:ctrl|selDtWr[1]
Warning (13012): Latch mux3x8:muxDtWr|out[3] has unsafe behavior
    Warning (13013): Ports D and ENA on the latch are fed by the same signal ctrl:ctrl|selDtWr[1]
Warning (13012): Latch mux3x8:muxDtWr|out[4] has unsafe behavior
    Warning (13013): Ports D and ENA on the latch are fed by the same signal ctrl:ctrl|selDtWr[1]
Warning (13012): Latch mux3x8:muxDtWr|out[5] has unsafe behavior
    Warning (13013): Ports D and ENA on the latch are fed by the same signal ctrl:ctrl|selDtWr[1]
Warning (13012): Latch mux3x8:muxDtWr|out[6] has unsafe behavior
    Warning (13013): Ports D and ENA on the latch are fed by the same signal ctrl:ctrl|selDtWr[1]
Warning (13012): Latch mux3x8:muxDtWr|out[7] has unsafe behavior
    Warning (13013): Ports D and ENA on the latch are fed by the same signal ctrl:ctrl|selDtWr[1]
Warning (13012): Latch ula:ula|resultado[0] has unsafe behavior
    Warning (13013): Ports D and ENA on the latch are fed by the same signal ctrl:ctrl|CmdULA[1]
Warning (13012): Latch ula:ula|resultado[1] has unsafe behavior
    Warning (13013): Ports D and ENA on the latch are fed by the same signal ctrl:ctrl|CmdULA[1]
Warning (13012): Latch ula:ula|resultado[2] has unsafe behavior
    Warning (13013): Ports D and ENA on the latch are fed by the same signal ctrl:ctrl|CmdULA[1]
Warning (13012): Latch ula:ula|resultado[3] has unsafe behavior
    Warning (13013): Ports D and ENA on the latch are fed by the same signal ctrl:ctrl|CmdULA[1]
Warning (13012): Latch ula:ula|resultado[4] has unsafe behavior
    Warning (13013): Ports D and ENA on the latch are fed by the same signal ctrl:ctrl|CmdULA[1]
Warning (13012): Latch ula:ula|resultado[5] has unsafe behavior
    Warning (13013): Ports D and ENA on the latch are fed by the same signal ctrl:ctrl|CmdULA[1]
Warning (13012): Latch ula:ula|resultado[6] has unsafe behavior
    Warning (13013): Ports D and ENA on the latch are fed by the same signal ctrl:ctrl|CmdULA[1]
Warning (13012): Latch ula:ula|resultado[7] has unsafe behavior
    Warning (13013): Ports D and ENA on the latch are fed by the same signal ctrl:ctrl|CmdULA[1]
Info (13000): Registers with preset signals will power-up high
Info (13003): DEV_CLRn pin will set, and not reset, register with preset signal due to NOT Gate Push-Back
Warning (13024): Output pins are stuck at VCC or GND
    Warning (13410): Pin "estado[2]" is stuck at GND
Info (144001): Generated suppressed messages file C:/Users/Pc/Desktop/Projeto Nano/output_files/Top.map.smsg
Info (16010): Generating hard_block partition "hard_block:auto_generated_inst"
    Info (16011): Adding 0 node(s), including 0 DDIO, 0 PLL, 0 transceiver and 0 LCELL
Info (21057): Implemented 549 device resources after synthesis - the final resource count might be different
    Info (21058): Implemented 10 input pins
    Info (21059): Implemented 146 output pins
    Info (21061): Implemented 377 logic cells
    Info (21064): Implemented 16 RAM segments
Info: Quartus II 64-Bit Analysis & Synthesis was successful. 0 errors, 46 warnings
    Info: Peak virtual memory: 508 megabytes
    Info: Processing ended: Wed Jul 06 15:25:14 2016
    Info: Elapsed time: 00:00:04
    Info: Total CPU time (on all processors): 00:00:03


+------------------------------------------+
; Analysis & Synthesis Suppressed Messages ;
+------------------------------------------+
The suppressed messages can be found in C:/Users/Pc/Desktop/Projeto Nano/output_files/Top.map.smsg.


